[09:51:16] [main/INFO] [LaunchWrapper]: Using primary tweak class name net.minecraftforge.fml.common.launcher.FMLServerTweaker
[09:51:21] [main/INFO] [LaunchWrapper]: Calling tweak class net.minecraftforge.fml.common.launcher.FMLServerTweaker
[09:51:21] [main/INFO] [FML]: Forge Mod Loader version 14.23.5.2855 for Minecraft 1.12.2 loading
[09:51:21] [main/INFO] [FML]: Java is Java HotSpot(TM) 64-Bit Server VM, version 1.8.0_281, running on Windows 10:amd64:10.0, installed at C:\Program Files\Java\jre1.8.0_281
[09:51:22] [main/INFO] [FML]: Searching C:\Users\Utilisateur\Desktop\PIXELMON\.\mods for mods
[09:51:22] [main/INFO] [FML]: Loading tweaker optifine.OptiFineForgeTweaker from OptiFine-OptiFine-1.12.2_HD_U_G5.jar
[09:51:22] [main/INFO] [LaunchWrapper]: Loading tweak class name net.minecraftforge.fml.common.launcher.FMLInjectionAndSortingTweaker
[09:51:22] [main/INFO] [LaunchWrapper]: Loading tweak class name optifine.OptiFineForgeTweaker
[09:51:22] [main/INFO] [LaunchWrapper]: Loading tweak class name net.minecraftforge.fml.common.launcher.FMLDeobfTweaker
[09:51:22] [main/INFO] [LaunchWrapper]: Calling tweak class net.minecraftforge.fml.common.launcher.FMLInjectionAndSortingTweaker
[09:51:22] [main/INFO] [LaunchWrapper]: Calling tweak class net.minecraftforge.fml.common.launcher.FMLInjectionAndSortingTweaker
[09:51:22] [main/INFO] [LaunchWrapper]: Calling tweak class optifine.OptiFineForgeTweaker
[09:51:22] [main/INFO] [STDOUT]: [optifine.OptiFineForgeTweaker:dbg:56]: OptiFineForgeTweaker: acceptOptions
[09:51:22] [main/INFO] [STDOUT]: [optifine.OptiFineForgeTweaker:dbg:56]: OptiFineForgeTweaker: Forge server detected, skipping class transformer
[09:51:22] [main/INFO] [LaunchWrapper]: Calling tweak class net.minecraftforge.fml.relauncher.CoreModManager$FMLPluginWrapper
[09:51:24] [main/WARN] [FML]: Patcher expecting empty class data file for net.minecraft.client.settings.GameSettings, but received non-empty
[09:51:24] [main/WARN] [FML]: Patcher expecting empty class data file for net.minecraft.client.settings.GameSettings$2, but received non-empty
[09:51:24] [main/WARN] [FML]: Patcher expecting empty class data file for net.minecraft.client.settings.GameSettings$Options, but received non-empty
[09:51:24] [main/WARN] [FML]: Patcher expecting empty class data file for net.minecraft.client.LoadingScreenRenderer, but received non-empty
[09:51:24] [main/WARN] [FML]: Patcher expecting empty class data file for net.minecraft.util.ScreenShotHelper, but received non-empty
[09:51:24] [main/WARN] [FML]: Patcher expecting empty class data file for net.minecraft.client.gui.FontRenderer, but received non-empty
[09:51:24] [main/WARN] [FML]: Patcher expecting empty class data file for net.minecraft.client.gui.GuiIngame, but received non-empty
[09:51:24] [main/WARN] [FML]: Patcher expecting empty class data file for net.minecraft.client.gui.GuiIngame$1, but received non-empty
[09:51:24] [main/WARN] [FML]: Patcher expecting empty class data file for net.minecraft.client.gui.GuiOverlayDebug, but received non-empty
[09:51:24] [main/WARN] [FML]: Patcher expecting empty class data file for net.minecraft.client.gui.GuiOverlayDebug$1, but received non-empty
[09:51:24] [main/WARN] [FML]: Patcher expecting empty class data file for net.minecraft.client.gui.GuiSlot, but received non-empty
[09:51:24] [main/WARN] [FML]: Patcher expecting empty class data file for net.minecraft.client.gui.GuiMainMenu, but received non-empty
[09:51:24] [main/WARN] [FML]: Patcher expecting empty class data file for net.minecraft.client.gui.GuiVideoSettings, but received non-empty
[09:51:24] [main/WARN] [FML]: Patcher expecting empty class data file for net.minecraft.client.model.TexturedQuad, but received non-empty
[09:51:24] [main/WARN] [FML]: Patcher expecting empty class data file for net.minecraft.client.model.ModelBox, but received non-empty
[09:51:24] [main/WARN] [FML]: Patcher expecting empty class data file for net.minecraft.client.model.ModelRenderer, but received non-empty
[09:51:24] [main/WARN] [FML]: Patcher expecting empty class data file for net.minecraft.client.multiplayer.WorldClient, but received non-empty
[09:51:24] [main/WARN] [FML]: Patcher expecting empty class data file for net.minecraft.client.multiplayer.WorldClient$1, but received non-empty
[09:51:24] [main/WARN] [FML]: Patcher expecting empty class data file for net.minecraft.client.multiplayer.WorldClient$2, but received non-empty
[09:51:24] [main/WARN] [FML]: Patcher expecting empty class data file for net.minecraft.client.multiplayer.WorldClient$3, but received non-empty
[09:51:24] [main/WARN] [FML]: Patcher expecting empty class data file for net.minecraft.client.multiplayer.WorldClient$4, but received non-empty
[09:51:24] [main/WARN] [FML]: Patcher expecting empty class data file for net.minecraft.client.particle.ParticleManager, but received non-empty
[09:51:24] [main/WARN] [FML]: Patcher expecting empty class data file for net.minecraft.client.particle.ParticleManager$1, but received non-empty
[09:51:24] [main/WARN] [FML]: Patcher expecting empty class data file for net.minecraft.client.particle.ParticleManager$2, but received non-empty
[09:51:24] [main/WARN] [FML]: Patcher expecting empty class data file for net.minecraft.client.particle.ParticleManager$3, but received non-empty
[09:51:24] [main/WARN] [FML]: Patcher expecting empty class data file for net.minecraft.client.particle.ParticleManager$4, but received non-empty
[09:51:24] [main/WARN] [FML]: Patcher expecting empty class data file for net.minecraft.client.entity.AbstractClientPlayer, but received non-empty
[09:51:24] [main/WARN] [FML]: Patcher expecting empty class data file for net.minecraft.client.renderer.BufferBuilder, but received non-empty
[09:51:24] [main/WARN] [FML]: Patcher expecting empty class data file for net.minecraft.client.renderer.BufferBuilder$1, but received non-empty
[09:51:24] [main/WARN] [FML]: Patcher expecting empty class data file for net.minecraft.client.renderer.BufferBuilder$2, but received non-empty
[09:51:24] [main/WARN] [FML]: Patcher expecting empty class data file for net.minecraft.client.renderer.BufferBuilder$State, but received non-empty
[09:51:24] [main/WARN] [FML]: Patcher expecting empty class data file for net.minecraft.client.renderer.EntityRenderer, but received non-empty
[09:51:24] [main/WARN] [FML]: Patcher expecting empty class data file for net.minecraft.client.renderer.EntityRenderer$1, but received non-empty
[09:51:24] [main/WARN] [FML]: Patcher expecting empty class data file for net.minecraft.client.renderer.EntityRenderer$2, but received non-empty
[09:51:24] [main/WARN] [FML]: Patcher expecting empty class data file for net.minecraft.client.renderer.EntityRenderer$3, but received non-empty
[09:51:24] [main/WARN] [FML]: Patcher expecting empty class data file for net.minecraft.client.renderer.EntityRenderer$4, but received non-empty
[09:51:24] [main/WARN] [FML]: Patcher expecting empty class data file for net.minecraft.client.renderer.ItemRenderer, but received non-empty
[09:51:24] [main/WARN] [FML]: Patcher expecting empty class data file for net.minecraft.client.renderer.ItemRenderer$1, but received non-empty
[09:51:24] [main/WARN] [FML]: Patcher expecting empty class data file for net.minecraft.client.renderer.RenderGlobal, but received non-empty
[09:51:24] [main/WARN] [FML]: Patcher expecting empty class data file for net.minecraft.client.renderer.RenderGlobal$1, but received non-empty
[09:51:24] [main/WARN] [FML]: Patcher expecting empty class data file for net.minecraft.client.renderer.RenderGlobal$2, but received non-empty
[09:51:24] [main/WARN] [FML]: Patcher expecting empty class data file for net.minecraft.client.renderer.RenderGlobal$ContainerLocalRenderInformation, but received non-empty
[09:51:24] [main/WARN] [FML]: Patcher expecting empty class data file for net.minecraft.client.renderer.BlockFluidRenderer, but received non-empty
[09:51:24] [main/WARN] [FML]: Patcher expecting empty class data file for net.minecraft.client.renderer.BlockModelRenderer, but received non-empty
[09:51:24] [main/WARN] [FML]: Patcher expecting empty class data file for net.minecraft.client.renderer.BlockModelRenderer$1, but received non-empty
[09:51:24] [main/WARN] [FML]: Patcher expecting empty class data file for net.minecraft.client.renderer.BlockModelRenderer$EnumNeighborInfo, but received non-empty
[09:51:24] [main/WARN] [FML]: Patcher expecting empty class data file for net.minecraft.client.renderer.BlockModelRenderer$AmbientOcclusionFace, but received non-empty
[09:51:24] [main/WARN] [FML]: Patcher expecting empty class data file for net.minecraft.client.renderer.BlockModelRenderer$VertexTranslations, but received non-empty
[09:51:24] [main/WARN] [FML]: Patcher expecting empty class data file for net.minecraft.client.renderer.BlockModelRenderer$Orientation, but received non-empty
[09:51:24] [main/WARN] [FML]: Patcher expecting empty class data file for net.minecraft.client.renderer.block.model.BakedQuad, but received non-empty
[09:51:24] [main/WARN] [FML]: Patcher expecting empty class data file for net.minecraft.client.renderer.block.model.BakedQuadRetextured, but received non-empty
[09:51:24] [main/WARN] [FML]: Patcher expecting empty class data file for net.minecraft.client.renderer.block.model.FaceBakery, but received non-empty
[09:51:24] [main/WARN] [FML]: Patcher expecting empty class data file for net.minecraft.client.renderer.block.model.FaceBakery$5, but received non-empty
[09:51:24] [main/WARN] [FML]: Patcher expecting empty class data file for net.minecraft.client.renderer.block.model.ItemOverrideList, but received non-empty
[09:51:24] [main/WARN] [FML]: Patcher expecting empty class data file for net.minecraft.client.renderer.tileentity.TileEntityRendererDispatcher, but received non-empty
[09:51:24] [main/WARN] [FML]: Patcher expecting empty class data file for net.minecraft.client.renderer.tileentity.TileEntitySpecialRenderer, but received non-empty
[09:51:24] [main/WARN] [FML]: Patcher expecting empty class data file for net.minecraft.client.renderer.chunk.ChunkRenderDispatcher, but received non-empty
[09:51:24] [main/WARN] [FML]: Patcher expecting empty class data file for net.minecraft.client.renderer.chunk.ChunkRenderDispatcher$1, but received non-empty
[09:51:24] [main/WARN] [FML]: Patcher expecting empty class data file for net.minecraft.client.renderer.chunk.ChunkRenderDispatcher$2, but received non-empty
[09:51:24] [main/WARN] [FML]: Patcher expecting empty class data file for net.minecraft.client.renderer.chunk.ChunkRenderDispatcher$3, but received non-empty
[09:51:24] [main/WARN] [FML]: Patcher expecting empty class data file for net.minecraft.client.renderer.chunk.ChunkRenderDispatcher$PendingUpload, but received non-empty
[09:51:24] [main/WARN] [FML]: Patcher expecting empty class data file for net.minecraft.client.renderer.chunk.RenderChunk, but received non-empty
[09:51:24] [main/WARN] [FML]: Patcher expecting empty class data file for net.minecraft.client.renderer.entity.RenderManager, but received non-empty
[09:51:24] [main/WARN] [FML]: Patcher expecting empty class data file for net.minecraft.client.renderer.entity.RenderItemFrame, but received non-empty
[09:51:24] [main/WARN] [FML]: Patcher expecting empty class data file for net.minecraft.client.renderer.RenderItem, but received non-empty
[09:51:24] [main/WARN] [FML]: Patcher expecting empty class data file for net.minecraft.client.renderer.RenderItem$1, but received non-empty
[09:51:24] [main/WARN] [FML]: Patcher expecting empty class data file for net.minecraft.client.renderer.RenderItem$9, but received non-empty
[09:51:24] [main/WARN] [FML]: Patcher expecting empty class data file for net.minecraft.client.renderer.RenderItem$10, but received non-empty
[09:51:24] [main/WARN] [FML]: Patcher expecting empty class data file for net.minecraft.client.renderer.RenderItem$2, but received non-empty
[09:51:24] [main/WARN] [FML]: Patcher expecting empty class data file for net.minecraft.client.renderer.RenderItem$3, but received non-empty
[09:51:24] [main/WARN] [FML]: Patcher expecting empty class data file for net.minecraft.client.renderer.RenderItem$4, but received non-empty
[09:51:24] [main/WARN] [FML]: Patcher expecting empty class data file for net.minecraft.client.renderer.RenderItem$5, but received non-empty
[09:51:24] [main/WARN] [FML]: Patcher expecting empty class data file for net.minecraft.client.renderer.RenderItem$6, but received non-empty
[09:51:24] [main/WARN] [FML]: Patcher expecting empty class data file for net.minecraft.client.renderer.RenderItem$7, but received non-empty
[09:51:24] [main/WARN] [FML]: Patcher expecting empty class data file for net.minecraft.client.renderer.RenderItem$8, but received non-empty
[09:51:24] [main/WARN] [FML]: Patcher expecting empty class data file for net.minecraft.client.renderer.entity.RenderLivingBase, but received non-empty
[09:51:24] [main/WARN] [FML]: Patcher expecting empty class data file for net.minecraft.client.renderer.entity.RenderLivingBase$1, but received non-empty
[09:51:24] [main/WARN] [FML]: Patcher expecting empty class data file for net.minecraft.client.renderer.entity.layers.LayerArmorBase, but received non-empty
[09:51:24] [main/WARN] [FML]: Patcher expecting empty class data file for net.minecraft.client.renderer.texture.LayeredColorMaskTexture, but received non-empty
[09:51:24] [main/WARN] [FML]: Patcher expecting empty class data file for net.minecraft.client.renderer.texture.Stitcher, but received non-empty
[09:51:24] [main/WARN] [FML]: Patcher expecting empty class data file for net.minecraft.client.renderer.texture.Stitcher$Holder, but received non-empty
[09:51:24] [main/WARN] [FML]: Patcher expecting empty class data file for net.minecraft.client.renderer.texture.Stitcher$Slot, but received non-empty
[09:51:24] [main/WARN] [FML]: Patcher expecting empty class data file for net.minecraft.client.renderer.texture.TextureMap, but received non-empty
[09:51:24] [main/WARN] [FML]: Patcher expecting empty class data file for net.minecraft.client.renderer.texture.TextureMap$1, but received non-empty
[09:51:24] [main/WARN] [FML]: Patcher expecting empty class data file for net.minecraft.client.renderer.texture.TextureMap$2, but received non-empty
[09:51:24] [main/WARN] [FML]: Patcher expecting empty class data file for net.minecraft.client.renderer.texture.TextureMap$3, but received non-empty
[09:51:24] [main/WARN] [FML]: Patcher expecting empty class data file for net.minecraft.client.renderer.texture.TextureAtlasSprite, but received non-empty
[09:51:24] [main/WARN] [FML]: Patcher expecting empty class data file for net.minecraft.client.renderer.texture.TextureAtlasSprite$1, but received non-empty
[09:51:24] [main/WARN] [FML]: Patcher expecting empty class data file for net.minecraft.client.renderer.texture.TextureManager, but received non-empty
[09:51:24] [main/WARN] [FML]: Patcher expecting empty class data file for net.minecraft.client.renderer.texture.TextureManager$1, but received non-empty
[09:51:24] [main/WARN] [FML]: Patcher expecting empty class data file for net.minecraft.client.renderer.texture.TextureUtil, but received non-empty
[09:51:24] [main/WARN] [FML]: Patcher expecting empty class data file for net.minecraft.client.resources.ResourcePackRepository, but received non-empty
[09:51:24] [main/WARN] [FML]: Patcher expecting empty class data file for net.minecraft.client.resources.ResourcePackRepository$2, but received non-empty
[09:51:24] [main/WARN] [FML]: Patcher expecting empty class data file for net.minecraft.client.resources.ResourcePackRepository$3, but received non-empty
[09:51:24] [main/WARN] [FML]: Patcher expecting empty class data file for net.minecraft.client.resources.ResourcePackRepository$Entry, but received non-empty
[09:51:24] [main/WARN] [FML]: Patcher expecting empty class data file for net.minecraft.client.renderer.block.model.ModelRotation, but received non-empty
[09:51:24] [main/WARN] [FML]: Patcher expecting empty class data file for net.minecraft.client.renderer.block.model.ModelBakery, but received non-empty
[09:51:24] [main/WARN] [FML]: Patcher expecting empty class data file for net.minecraft.client.renderer.block.model.ModelBakery$1, but received non-empty
[09:51:24] [main/WARN] [FML]: Patcher expecting empty class data file for net.minecraft.client.renderer.block.model.ModelBakery$2, but received non-empty
[09:51:24] [main/WARN] [FML]: Patcher expecting empty class data file for net.minecraft.client.renderer.block.model.ModelBakery$3, but received non-empty
[09:51:24] [main/WARN] [FML]: Patcher expecting empty class data file for net.minecraft.server.integrated.IntegratedServer, but received non-empty
[09:51:24] [main/WARN] [FML]: Patcher expecting empty class data file for net.minecraft.server.integrated.IntegratedServer$1, but received non-empty
[09:51:24] [main/WARN] [FML]: Patcher expecting empty class data file for net.minecraft.server.integrated.IntegratedServer$2, but received non-empty
[09:51:24] [main/WARN] [FML]: Patcher expecting empty class data file for net.minecraft.server.integrated.IntegratedServer$3, but received non-empty
[09:51:24] [main/WARN] [FML]: Patcher expecting empty class data file for net.minecraft.client.renderer.OpenGlHelper, but received non-empty
[09:51:24] [main/WARN] [FML]: Patcher expecting empty class data file for net.minecraft.client.renderer.OpenGlHelper$1, but received non-empty
[09:51:24] [main/WARN] [FML]: Patcher expecting empty class data file for net.minecraft.client.renderer.OpenGlHelper$FboMode, but received non-empty
[09:51:24] [main/INFO] [FML]: Found valid fingerprint for Minecraft Forge. Certificate fingerprint e3c3d50c7c986df74c645c0ac54639741c90a557
[09:51:24] [main/INFO] [LaunchWrapper]: Calling tweak class net.minecraftforge.fml.relauncher.CoreModManager$FMLPluginWrapper
[09:51:24] [main/INFO] [LaunchWrapper]: Calling tweak class net.minecraftforge.fml.common.launcher.FMLDeobfTweaker
[09:51:24] [main/INFO] [LaunchWrapper]: Loading tweak class name net.minecraftforge.fml.common.launcher.TerminalTweaker
[09:51:24] [main/INFO] [LaunchWrapper]: Calling tweak class net.minecraftforge.fml.common.launcher.TerminalTweaker
[09:51:24] [main/INFO] [STDOUT]: [optifine.OptiFineForgeTweaker:dbg:56]: OptiFineForgeTweaker: getLaunchArguments
[09:51:25] [main/INFO] [LaunchWrapper]: Launching wrapped minecraft {net.minecraft.server.MinecraftServer}
